This file contains any messages produced by compilers while
running configure, to aid debugging if configure makes a mistake.

It was created by toilet configure 0.3, which was
generated by GNU Autoconf 2.69.  Invocation command line was

  $ ./configure 

## --------- ##
## Platform. ##
## --------- ##

hostname = apollo
uname -m = x86_64
uname -r = 3.15.8-1-ARCH
uname -s = Linux
uname -v = #1 SMP PREEMPT Fri Aug 1 08:51:42 CEST 2014

/usr/bin/uname -p = unknown
/bin/uname -X     = unknown

/bin/arch              = unknown
/usr/bin/arch -k       = unknown
/usr/convex/getsysinfo = unknown
/usr/bin/hostinfo      = unknown
/bin/machine           = unknown
/usr/bin/oslevel       = unknown
/bin/universe          = unknown

PATH: /home/paretech/.nvm/v0.10.29/bin
PATH: /home/paretech/bin/python2/venv/bin
PATH: /home/paretech/bin
PATH: /home/paretech/bin/python2/venv/bin
PATH: /home/paretech/bin
PATH: /usr/local/sbin
PATH: /usr/local/bin
PATH: /usr/bin
PATH: /opt/android-sdk/tools
PATH: /opt/java/bin
PATH: /opt/java/db/bin
PATH: /opt/java/jre/bin
PATH: /usr/bin/vendor_perl
PATH: /usr/bin/core_perl


## ----------- ##
## Core tests. ##
## ----------- ##

configure:2084: checking build system type
configure:2098: result: x86_64-unknown-linux-gnu
configure:2118: checking host system type
configure:2131: result: x86_64-unknown-linux-gnu
configure:2151: checking target system type
configure:2164: result: x86_64-unknown-linux-gnu
configure:2208: checking for a BSD-compatible install
configure:2276: result: /usr/bin/install -c
configure:2287: checking whether build environment is sane
configure:2337: result: yes
configure:2478: checking for a thread-safe mkdir -p
configure:2517: result: /usr/bin/mkdir -p
configure:2530: checking for gawk
configure:2546: found /usr/bin/gawk
configure:2557: result: gawk
configure:2568: checking whether make sets $(MAKE)
configure:2590: result: yes
configure:2685: checking for style of include used by make
configure:2713: result: GNU
configure:2784: checking for gcc
configure:2800: found /usr/bin/gcc
configure:2811: result: gcc
configure:3040: checking for C compiler version
configure:3049: gcc --version >&5
gcc (GCC) 4.9.1
Copyright (C) 2014 Free Software Foundation, Inc.
This is free software; see the source for copying conditions.  There is NO
warranty; not even for MERCHANTABILITY or FITNESS FOR A PARTICULAR PURPOSE.

configure:3060: $? = 0
configure:3049: gcc -v >&5
Using built-in specs.
COLLECT_GCC=gcc
COLLECT_LTO_WRAPPER=/usr/lib/gcc/x86_64-unknown-linux-gnu/4.9.1/lto-wrapper
Target: x86_64-unknown-linux-gnu
Configured with: /build/gcc/src/gcc-4.9.1/configure --prefix=/usr --libdir=/usr/lib --libexecdir=/usr/lib --mandir=/usr/share/man --infodir=/usr/share/info --with-bugurl=https://bugs.archlinux.org/ --enable-languages=c,c++,ada,fortran,go,lto,objc,obj-c++ --enable-shared --enable-threads=posix --with-system-zlib --enable-__cxa_atexit --disable-libunwind-exceptions --enable-clocale=gnu --disable-libstdcxx-pch --disable-libssp --enable-gnu-unique-object --enable-linker-build-id --enable-cloog-backend=isl --disable-isl-version-check --disable-cloog-version-check --enable-lto --enable-plugin --enable-install-libiberty --with-linker-hash-style=gnu --disable-multilib --disable-werror --enable-checking=release
Thread model: posix
gcc version 4.9.1 (GCC) 
configure:3060: $? = 0
configure:3049: gcc -V >&5
gcc: error: unrecognized command line option '-V'
gcc: fatal error: no input files
compilation terminated.
configure:3060: $? = 1
configure:3049: gcc -qversion >&5
gcc: error: unrecognized command line option '-qversion'
gcc: fatal error: no input files
compilation terminated.
configure:3060: $? = 1
configure:3080: checking whether the C compiler works
configure:3102: gcc    conftest.c  >&5
configure:3106: $? = 0
configure:3154: result: yes
configure:3157: checking for C compiler default output file name
configure:3159: result: a.out
configure:3165: checking for suffix of executables
configure:3172: gcc -o conftest    conftest.c  >&5
configure:3176: $? = 0
configure:3198: result: 
configure:3220: checking whether we are cross compiling
configure:3228: gcc -o conftest    conftest.c  >&5
configure:3232: $? = 0
configure:3239: ./conftest
configure:3243: $? = 0
configure:3258: result: no
configure:3263: checking for suffix of object files
configure:3285: gcc -c   conftest.c >&5
configure:3289: $? = 0
configure:3310: result: o
configure:3314: checking whether we are using the GNU C compiler
configure:3333: gcc -c   conftest.c >&5
configure:3333: $? = 0
configure:3342: result: yes
configure:3351: checking whether gcc accepts -g
configure:3371: gcc -c -g  conftest.c >&5
configure:3371: $? = 0
configure:3412: result: yes
configure:3429: checking for gcc option to accept ISO C89
configure:3492: gcc  -c -g -O2  conftest.c >&5
configure:3492: $? = 0
configure:3505: result: none needed
configure:3527: checking dependency style of gcc
configure:3638: result: gcc3
configure:3654: checking whether gcc and cc understand -c and -o together
configure:3685: gcc -c conftest.c -o conftest2.o >&5
configure:3689: $? = 0
configure:3695: gcc -c conftest.c -o conftest2.o >&5
configure:3699: $? = 0
configure:3710: cc -c conftest.c >&5
configure:3714: $? = 0
configure:3722: cc -c conftest.c -o conftest2.o >&5
configure:3726: $? = 0
configure:3732: cc -c conftest.c -o conftest2.o >&5
configure:3736: $? = 0
configure:3754: result: yes
configure:3784: checking how to run the C preprocessor
configure:3815: gcc -E  conftest.c
configure:3815: $? = 0
configure:3829: gcc -E  conftest.c
conftest.c:11:28: fatal error: ac_nonexistent.h: No such file or directory
 #include <ac_nonexistent.h>
                            ^
compilation terminated.
configure:3829: $? = 1
configure: failed program was:
| /* confdefs.h */
| #define PACKAGE_NAME "toilet"
| #define PACKAGE_TARNAME "toilet"
| #define PACKAGE_VERSION "0.3"
| #define PACKAGE_STRING "toilet 0.3"
| #define PACKAGE_BUGREPORT ""
| #define PACKAGE_URL ""
| #define PACKAGE "toilet"
| #define VERSION "0.3"
| /* end confdefs.h.  */
| #include <ac_nonexistent.h>
configure:3854: result: gcc -E
configure:3874: gcc -E  conftest.c
configure:3874: $? = 0
configure:3888: gcc -E  conftest.c
conftest.c:11:28: fatal error: ac_nonexistent.h: No such file or directory
 #include <ac_nonexistent.h>
                            ^
compilation terminated.
configure:3888: $? = 1
configure: failed program was:
| /* confdefs.h */
| #define PACKAGE_NAME "toilet"
| #define PACKAGE_TARNAME "toilet"
| #define PACKAGE_VERSION "0.3"
| #define PACKAGE_STRING "toilet 0.3"
| #define PACKAGE_BUGREPORT ""
| #define PACKAGE_URL ""
| #define PACKAGE "toilet"
| #define VERSION "0.3"
| /* end confdefs.h.  */
| #include <ac_nonexistent.h>
configure:3919: checking for grep that handles long lines and -e
configure:3977: result: /usr/bin/grep
configure:3982: checking for egrep
configure:4044: result: /usr/bin/grep -E
configure:4113: checking for pkg-config
configure:4131: found /usr/bin/pkg-config
configure:4143: result: /usr/bin/pkg-config
configure:4168: checking pkg-config is at least version 0.9.0
configure:4171: result: yes
configure:4185: checking for ANSI C header files
configure:4205: gcc -c -g -O2  conftest.c >&5
configure:4205: $? = 0
configure:4278: gcc -o conftest -g -O2   conftest.c  >&5
configure:4278: $? = 0
configure:4278: ./conftest
configure:4278: $? = 0
configure:4289: result: yes
configure:4302: checking for sys/types.h
configure:4302: gcc -c -g -O2  conftest.c >&5
configure:4302: $? = 0
configure:4302: result: yes
configure:4302: checking for sys/stat.h
configure:4302: gcc -c -g -O2  conftest.c >&5
configure:4302: $? = 0
configure:4302: result: yes
configure:4302: checking for stdlib.h
configure:4302: gcc -c -g -O2  conftest.c >&5
configure:4302: $? = 0
configure:4302: result: yes
configure:4302: checking for string.h
configure:4302: gcc -c -g -O2  conftest.c >&5
configure:4302: $? = 0
configure:4302: result: yes
configure:4302: checking for memory.h
configure:4302: gcc -c -g -O2  conftest.c >&5
configure:4302: $? = 0
configure:4302: result: yes
configure:4302: checking for strings.h
configure:4302: gcc -c -g -O2  conftest.c >&5
configure:4302: $? = 0
configure:4302: result: yes
configure:4302: checking for inttypes.h
configure:4302: gcc -c -g -O2  conftest.c >&5
configure:4302: $? = 0
configure:4302: result: yes
configure:4302: checking for stdint.h
configure:4302: gcc -c -g -O2  conftest.c >&5
configure:4302: $? = 0
configure:4302: result: yes
configure:4302: checking for unistd.h
configure:4302: gcc -c -g -O2  conftest.c >&5
configure:4302: $? = 0
configure:4302: result: yes
configure:4316: checking sys/ioctl.h usability
configure:4316: gcc -c -g -O2  conftest.c >&5
configure:4316: $? = 0
configure:4316: result: yes
configure:4316: checking sys/ioctl.h presence
configure:4316: gcc -E  conftest.c
configure:4316: $? = 0
configure:4316: result: yes
configure:4316: checking for sys/ioctl.h
configure:4316: result: yes
configure:4327: checking for TIOCGWINSZ
configure:4344: gcc -c -g -O2  conftest.c >&5
configure:4344: $? = 0
configure:4351: result: yes
configure:4361: checking for CACA
configure:4368: $PKG_CONFIG --exists --print-errors "caca >= 0.99.beta18"
configure:4371: $? = 0
configure:4385: $PKG_CONFIG --exists --print-errors "caca >= 0.99.beta18"
configure:4388: $? = 0
configure:4430: result: yes
configure:4435: checking for release date
configure:4439: result:   
configure:4584: creating ./config.status

## ---------------------- ##
## Running config.status. ##
## ---------------------- ##

This file was extended by toilet config.status 0.3, which was
generated by GNU Autoconf 2.69.  Invocation command line was

  CONFIG_FILES    = 
  CONFIG_HEADERS  = 
  CONFIG_LINKS    = 
  CONFIG_COMMANDS = 
  $ ./config.status 

on apollo

config.status:874: creating Makefile
config.status:874: creating src/Makefile
config.status:874: creating tools/Makefile
config.status:874: creating fonts/Makefile
config.status:874: creating doc/Makefile
config.status:874: creating test/Makefile
config.status:874: creating config.h
config.status:1055: config.h is unchanged
config.status:1103: executing depfiles commands

## ---------------- ##
## Cache variables. ##
## ---------------- ##

ac_cv_build=x86_64-unknown-linux-gnu
ac_cv_c_compiler_gnu=yes
ac_cv_env_CACA_CFLAGS_set=
ac_cv_env_CACA_CFLAGS_value=
ac_cv_env_CACA_LIBS_set=
ac_cv_env_CACA_LIBS_value=
ac_cv_env_CC_set=
ac_cv_env_CC_value=
ac_cv_env_CFLAGS_set=
ac_cv_env_CFLAGS_value=
ac_cv_env_CPPFLAGS_set=
ac_cv_env_CPPFLAGS_value=
ac_cv_env_CPP_set=
ac_cv_env_CPP_value=
ac_cv_env_LDFLAGS_set=
ac_cv_env_LDFLAGS_value=
ac_cv_env_LIBS_set=
ac_cv_env_LIBS_value=
ac_cv_env_PKG_CONFIG_LIBDIR_set=
ac_cv_env_PKG_CONFIG_LIBDIR_value=
ac_cv_env_PKG_CONFIG_PATH_set=
ac_cv_env_PKG_CONFIG_PATH_value=
ac_cv_env_PKG_CONFIG_set=
ac_cv_env_PKG_CONFIG_value=
ac_cv_env_build_alias_set=
ac_cv_env_build_alias_value=
ac_cv_env_host_alias_set=
ac_cv_env_host_alias_value=
ac_cv_env_target_alias_set=
ac_cv_env_target_alias_value=
ac_cv_have_tiocgwinsz=yes
ac_cv_header_inttypes_h=yes
ac_cv_header_memory_h=yes
ac_cv_header_stdc=yes
ac_cv_header_stdint_h=yes
ac_cv_header_stdlib_h=yes
ac_cv_header_string_h=yes
ac_cv_header_strings_h=yes
ac_cv_header_sys_ioctl_h=yes
ac_cv_header_sys_stat_h=yes
ac_cv_header_sys_types_h=yes
ac_cv_header_unistd_h=yes
ac_cv_host=x86_64-unknown-linux-gnu
ac_cv_objext=o
ac_cv_path_EGREP='/usr/bin/grep -E'
ac_cv_path_GREP=/usr/bin/grep
ac_cv_path_ac_pt_PKG_CONFIG=/usr/bin/pkg-config
ac_cv_path_install='/usr/bin/install -c'
ac_cv_path_mkdir=/usr/bin/mkdir
ac_cv_prog_AWK=gawk
ac_cv_prog_CPP='gcc -E'
ac_cv_prog_ac_ct_CC=gcc
ac_cv_prog_cc_c89=
ac_cv_prog_cc_g=yes
ac_cv_prog_cc_gcc_c_o=yes
ac_cv_prog_make_make_set=yes
ac_cv_target=x86_64-unknown-linux-gnu
am_cv_CC_dependencies_compiler_type=gcc3
pkg_cv_CACA_CFLAGS=
pkg_cv_CACA_LIBS='-lcaca '

## ----------------- ##
## Output variables. ##
## ----------------- ##

ACLOCAL='${SHELL} /home/paretech/Downloads/do_for_others_first/ALL/C/toilet-0.3/.auto/missing --run aclocal-1.11'
AMDEPBACKSLASH='\'
AMDEP_FALSE='#'
AMDEP_TRUE=''
AMTAR='$${TAR-tar}'
AUTOCONF='${SHELL} /home/paretech/Downloads/do_for_others_first/ALL/C/toilet-0.3/.auto/missing --run autoconf'
AUTOHEADER='${SHELL} /home/paretech/Downloads/do_for_others_first/ALL/C/toilet-0.3/.auto/missing --run autoheader'
AUTOMAKE='${SHELL} /home/paretech/Downloads/do_for_others_first/ALL/C/toilet-0.3/.auto/missing --run automake-1.11'
AWK='gawk'
CACA_CFLAGS=''
CACA_LIBS='-lcaca '
CC='gcc'
CCDEPMODE='depmode=gcc3'
CFLAGS='-g -O2 -g -O2 -fno-strength-reduce -fomit-frame-pointer -Wall -Wpointer-arith -Wcast-align -Wcast-qual -Wstrict-prototypes -Wshadow -Waggregate-return -Wmissing-prototypes -Wnested-externs -Wsign-compare'
CPP='gcc -E'
CPPFLAGS=''
CYGPATH_W='echo'
DEFS='-DHAVE_CONFIG_H'
DEPDIR='.deps'
ECHO_C=''
ECHO_N='-n'
ECHO_T=''
EGREP='/usr/bin/grep -E'
EXEEXT=''
GREP='/usr/bin/grep'
INSTALL_DATA='${INSTALL} -m 644'
INSTALL_PROGRAM='${INSTALL}'
INSTALL_SCRIPT='${INSTALL}'
INSTALL_STRIP_PROGRAM='$(install_sh) -c -s'
LDFLAGS=''
LIBOBJS=''
LIBS=''
LTLIBOBJS=''
MAKEINFO='${SHELL} /home/paretech/Downloads/do_for_others_first/ALL/C/toilet-0.3/.auto/missing --run makeinfo'
MKDIR_P='/usr/bin/mkdir -p'
OBJEXT='o'
PACKAGE='toilet'
PACKAGE_BUGREPORT=''
PACKAGE_NAME='toilet'
PACKAGE_STRING='toilet 0.3'
PACKAGE_TARNAME='toilet'
PACKAGE_URL=''
PACKAGE_VERSION='0.3'
PATH_SEPARATOR=':'
PKG_CONFIG='/usr/bin/pkg-config'
PKG_CONFIG_LIBDIR=''
PKG_CONFIG_PATH=''
SET_MAKE=''
SHELL='/bin/sh'
STRIP=''
VERSION='0.3'
ac_ct_CC='gcc'
am__EXEEXT_FALSE=''
am__EXEEXT_TRUE='#'
am__fastdepCC_FALSE='#'
am__fastdepCC_TRUE=''
am__include='include'
am__isrc=''
am__leading_dot='.'
am__nodep='_no'
am__quote=''
am__tar='$${TAR-tar} chof - "$$tardir"'
am__untar='$${TAR-tar} xf -'
bindir='${exec_prefix}/bin'
build='x86_64-unknown-linux-gnu'
build_alias=''
build_cpu='x86_64'
build_os='linux-gnu'
build_vendor='unknown'
datadir='${datarootdir}'
datarootdir='${prefix}/share'
docdir='${datarootdir}/doc/${PACKAGE_TARNAME}'
dvidir='${docdir}'
exec_prefix='${prefix}'
host='x86_64-unknown-linux-gnu'
host_alias=''
host_cpu='x86_64'
host_os='linux-gnu'
host_vendor='unknown'
htmldir='${docdir}'
includedir='${prefix}/include'
infodir='${datarootdir}/info'
install_sh='${SHELL} /home/paretech/Downloads/do_for_others_first/ALL/C/toilet-0.3/.auto/install-sh'
libdir='${exec_prefix}/lib'
libexecdir='${exec_prefix}/libexec'
localedir='${datarootdir}/locale'
localstatedir='${prefix}/var'
mandir='${datarootdir}/man'
mkdir_p='/usr/bin/mkdir -p'
oldincludedir='/usr/include'
pdfdir='${docdir}'
prefix='/usr/local'
program_transform_name='s,x,x,'
psdir='${docdir}'
sbindir='${exec_prefix}/sbin'
sharedstatedir='${prefix}/com'
sysconfdir='${prefix}/etc'
target='x86_64-unknown-linux-gnu'
target_alias=''
target_cpu='x86_64'
target_os='linux-gnu'
target_vendor='unknown'

## ----------- ##
## confdefs.h. ##
## ----------- ##

/* confdefs.h */
#define PACKAGE_NAME "toilet"
#define PACKAGE_TARNAME "toilet"
#define PACKAGE_VERSION "0.3"
#define PACKAGE_STRING "toilet 0.3"
#define PACKAGE_BUGREPORT ""
#define PACKAGE_URL ""
#define PACKAGE "toilet"
#define VERSION "0.3"
#define STDC_HEADERS 1
#define HAVE_SYS_TYPES_H 1
#define HAVE_SYS_STAT_H 1
#define HAVE_STDLIB_H 1
#define HAVE_STRING_H 1
#define HAVE_MEMORY_H 1
#define HAVE_STRINGS_H 1
#define HAVE_INTTYPES_H 1
#define HAVE_STDINT_H 1
#define HAVE_UNISTD_H 1
#define HAVE_SYS_IOCTL_H 1
#define HAVE_TIOCGWINSZ 1
#define DATE "  "

configure: exit 0
